Line 20: Class MSACAL.Calendar of control CalendarBirthDay was not a loaded control class.
Line 26: The property name _Version in CalendarBirthDay is invalid.
Line 27: The property name _ExtentX in CalendarBirthDay is invalid.
Line 28: The property name _ExtentY in CalendarBirthDay is invalid.
Line 29: The property name _StockProps in CalendarBirthDay is invalid.
Line 31: The property name Year in CalendarBirthDay is invalid.
Line 32: The property name Month in CalendarBirthDay is invalid.
Line 33: The property name Day in CalendarBirthDay is invalid.
Line 34: The property name DayLength in CalendarBirthDay is invalid.
Line 35: The property name MonthLength in CalendarBirthDay is invalid.
Line 36: The property name DayFontColor in CalendarBirthDay is invalid.
Line 37: The property name FirstDay in CalendarBirthDay is invalid.
Line 38: The property name GridCellEffect in CalendarBirthDay is invalid.
Line 39: The property name GridFontColor in CalendarBirthDay is invalid.
Line 40: The property name GridLinesColor in CalendarBirthDay is invalid.
Line 41: The property name ShowDateSelectors in CalendarBirthDay is invalid.
Line 42: The property name ShowDays in CalendarBirthDay is invalid.
Line 43: The property name ShowHorizontalGrid in CalendarBirthDay is invalid.
Line 44: The property name ShowTitle in CalendarBirthDay is invalid.
Line 45: The property name ShowVerticalGrid in CalendarBirthDay is invalid.
Line 46: The property name TitleFontColor in CalendarBirthDay is invalid.
Line 47: The property name ValueIsNull in CalendarBirthDay is invalid.
Line 56: The property name DayFont in CalendarBirthDay is invalid.
Line 65: The property name GridFont in CalendarBirthDay is invalid.
Line 74: The property name TitleFont in CalendarBirthDay is invalid.
